Using pre-set license
Built from '2020.3/staging' branch; Version is '2020.3.0f1 (c7b5465681fb) revision 13088070'; Using compiler version '192528614'; Build Type 'Release'
OS: 'Windows 10 Home; OS build 19042.1165; Version 2009; 64bit' Language: 'da' Physical Memory: 16291 MB
BatchMode: 1, IsHumanControllingUs: 0, StartBugReporterOnCrash: 0, Is64bit: 1, IsPro: 0

 COMMAND LINE ARGUMENTS:
C:\Program Files\Unity\Hub\Editor\2020.3.0f1\Editor\Unity.exe
-adb2
-batchMode
-noUpm
-name
AssetImportWorker0
-projectPath
C:/Users/regi-/Documents/GitHub/Birthdaygift-for-Canya/Canya's gift
-logFile
Logs/AssetImportWorker0.log
-srvPort
61531
Successfully changed project path to: C:/Users/regi-/Documents/GitHub/Birthdaygift-for-Canya/Canya's gift
C:/Users/regi-/Documents/GitHub/Birthdaygift-for-Canya/Canya's gift
Using Asset Import Pipeline V2.
Refreshing native plugins compatible for Editor in 35.56 ms, found 1 plugins.
Preloading 0 native plugins for Editor in 0.00 ms.
Initialize engine version: 2020.3.0f1 (c7b5465681fb)
[Subsystems] Discovering subsystems at path C:/Program Files/Unity/Hub/Editor/2020.3.0f1/Editor/Data/Resources/UnitySubsystems
[Subsystems] Discovering subsystems at path C:/Users/regi-/Documents/GitHub/Birthdaygift-for-Canya/Canya's gift/Assets
GfxDevice: creating device client; threaded=0
Direct3D:
    Version:  Direct3D 11.0 [level 11.1]
    Renderer: NVIDIA GeForce RTX 2060 (ID=0x1f15)
    Vendor:   
    VRAM:     5980 MB
    Driver:   27.21.14.6677
Initialize mono
Mono path[0] = 'C:/Program Files/Unity/Hub/Editor/2020.3.0f1/Editor/Data/Managed'
Mono path[1] = 'C:/Program Files/Unity/Hub/Editor/2020.3.0f1/Editor/Data/MonoBleedingEdge/lib/mono/unityjit'
Mono config path = 'C:/Program Files/Unity/Hub/Editor/2020.3.0f1/Editor/Data/MonoBleedingEdge/etc'
Using monoOptions --debugger-agent=transport=dt_socket,embedding=1,server=y,suspend=n,address=127.0.0.1:56640
Begin MonoManager ReloadAssembly
Registering precompiled unity dll's ...
Register platform support module: C:/Program Files/Unity/Hub/Editor/2020.3.0f1/Editor/Data/PlaybackEngines/WebGLSupport/UnityEditor.WebGL.Extensions.dll
Register platform support module: C:/Program Files/Unity/Hub/Editor/2020.3.0f1/Editor/Data/PlaybackEngines/WindowsStandaloneSupport/UnityEditor.WindowsStandalone.Extensions.dll
Registered in 0.001870 seconds.
Native extension for WindowsStandalone target not found
Native extension for WebGL target not found
Refreshing native plugins compatible for Editor in 34.82 ms, found 1 plugins.
Preloading 0 native plugins for Editor in 0.00 ms.
Invoked RoslynAnalysisRunner static constructor.
RoslynAnalysisRunner will not be running.
RoslynAnalysisRunner has terminated.
Mono: successfully reloaded assembly
- Completed reload, in  0.924 seconds
Platform modules already initialized, skipping
Registering precompiled user dll's ...
Registered in 0.000828 seconds.
Begin MonoManager ReloadAssembly
Native extension for WindowsStandalone target not found
Native extension for WebGL target not found
Refreshing native plugins compatible for Editor in 36.12 ms, found 1 plugins.
Preloading 0 native plugins for Editor in 0.00 ms.
Invoked RoslynAnalysisRunner static constructor.
RoslynAnalysisRunner will not be running.
RoslynAnalysisRunner has terminated.
Mono: successfully reloaded assembly
- Completed reload, in  0.809 seconds
Platform modules already initialized, skipping
========================================================================
Worker process is ready to serve import requests
Launched and connected shader compiler UnityShaderCompiler.exe after 0.03 seconds
Refreshing native plugins compatible for Editor in 0.35 ms, found 1 plugins.
Preloading 0 native plugins for Editor in 0.00 ms.
Unloading 2029 Unused Serialized files (Serialized files now loaded: 0)
System memory in use before: 99.0 MB.
System memory in use after: 99.1 MB.

Unloading 19 unused Assets to reduce memory usage. Loaded Objects now: 2491.
Total: 1.892500 ms (FindLiveObjects: 0.190100 ms CreateObjectMapping: 0.095900 ms MarkObjects: 1.587400 ms  DeleteObjects: 0.018500 ms)

========================================================================
Received Import Request.
  path: Assets/NPCs/Ending.asset
  artifactKey: Guid(efe0a41e5ce7e29458ef9255169abe11) Importer(815301076,1909f56bfc062723c751e8b465ee728b)
Start importing Assets/NPCs/Ending.asset using Guid(efe0a41e5ce7e29458ef9255169abe11) Importer(815301076,1909f56bfc062723c751e8b465ee728b)  -> (artifact id: '86b280997a3d3817aa363fa829ee89ed') in 0.023352 seconds
  Import took 0.026121 seconds .

========================================================================
Received Import Request.
  Time since last request: 0.000277 seconds.
  path: Assets/NPCs/onProtectPlayer.asset
  artifactKey: Guid(cc67f4b3bcefaa54aa5c7da58006b3e7) Importer(815301076,1909f56bfc062723c751e8b465ee728b)
Start importing Assets/NPCs/onProtectPlayer.asset using Guid(cc67f4b3bcefaa54aa5c7da58006b3e7) Importer(815301076,1909f56bfc062723c751e8b465ee728b)  -> (artifact id: 'da9e43710279332d7aa2d81c12927809') in 0.002632 seconds
  Import took 0.005258 seconds .

========================================================================
Received Import Request.
  Time since last request: 13.423306 seconds.
  path: Assets/NPCs/Art/NPC Animations 1.png
  artifactKey: Guid(0a209e59fa1be994d85d10b24aeb2939) Importer(815301076,1909f56bfc062723c751e8b465ee728b)
Start importing Assets/NPCs/Art/NPC Animations 1.png using Guid(0a209e59fa1be994d85d10b24aeb2939) Importer(815301076,1909f56bfc062723c751e8b465ee728b)  -> (artifact id: '8e58163059c680fa838a4235d06b4e40') in 0.068724 seconds
  Import took 0.071830 seconds .

========================================================================
Received Import Request.
  Time since last request: 8.740824 seconds.
  path: Assets/NPCs/Art/NPC Animations 1.png
  artifactKey: Guid(0a209e59fa1be994d85d10b24aeb2939) Importer(815301076,1909f56bfc062723c751e8b465ee728b)
Start importing Assets/NPCs/Art/NPC Animations 1.png using Guid(0a209e59fa1be994d85d10b24aeb2939) Importer(815301076,1909f56bfc062723c751e8b465ee728b)  -> (artifact id: '091681a198ef8f85755749988b2098f6') in 0.026494 seconds
  Import took 0.029244 seconds .

========================================================================
Received Import Request.
  Time since last request: 115.173233 seconds.
  path: Assets/NPCs/Art/NPC Animations 1.png
  artifactKey: Guid(0a209e59fa1be994d85d10b24aeb2939) Importer(815301076,1909f56bfc062723c751e8b465ee728b)
Start importing Assets/NPCs/Art/NPC Animations 1.png using Guid(0a209e59fa1be994d85d10b24aeb2939) Importer(815301076,1909f56bfc062723c751e8b465ee728b)  -> (artifact id: 'cd600f47b89aa46d381b2247d2f88aab') in 0.067023 seconds
  Import took 0.069942 seconds .

AssetImportWorkerClient::OnTransportError - code=2 error=End of file
